<<<<<<< HEAD
2019-06-17 16:58:27,709 INFO: Alllearn startup [in /Users/alllearn/Desktop/alllearn/code/alllearnMain/app.py:58]
2019-06-17 16:58:27,777 INFO: Alllearn startup [in app.py:58]
2019-06-17 16:58:27,777 INFO: Alllearn startup [in app.py:58]
2019-06-17 16:58:41,113 INFO: Alllearn startup [in /Users/alllearn/Desktop/alllearn/code/alllearnMain/app.py:58]
2019-06-17 16:58:41,153 INFO: Alllearn startup [in /Users/alllearn/Desktop/alllearn/code/alllearnMain/app.py:58]
2019-06-17 16:58:41,153 INFO: Alllearn startup [in /Users/alllearn/Desktop/alllearn/code/alllearnMain/app.py:58]
2019-06-17 17:15:14,623 INFO: Alllearn startup [in /Users/alllearn/Desktop/alllearn/code/alllearnMain/app.py:58]
2019-06-17 17:15:14,694 INFO: Alllearn startup [in /Users/alllearn/Desktop/alllearn/code/alllearnMain/app.py:58]
2019-06-17 17:15:14,694 INFO: Alllearn startup [in /Users/alllearn/Desktop/alllearn/code/alllearnMain/app.py:58]
2019-06-17 17:16:50,918 INFO: Alllearn startup [in /Users/alllearn/Desktop/alllearn/code/alllearnMain/app.py:58]
2019-06-17 17:16:50,957 INFO: Alllearn startup [in app.py:58]
2019-06-17 17:16:50,957 INFO: Alllearn startup [in app.py:58]
2019-06-17 17:16:52,416 INFO: Alllearn startup [in /Users/alllearn/Desktop/alllearn/code/alllearnMain/app.py:58]
2019-06-17 17:16:52,471 INFO: Alllearn startup [in /Users/alllearn/Desktop/alllearn/code/alllearnMain/app.py:58]
2019-06-17 17:16:52,471 INFO: Alllearn startup [in /Users/alllearn/Desktop/alllearn/code/alllearnMain/app.py:58]
=======
2019-06-17 17:18:58,764 INFO: Alllearn startup [in D:\Projects\alllearn\serverCode\alllearnMain\app.py:58]
2019-06-17 17:18:58,773 INFO: Alllearn startup [in app.py:58]
2019-06-17 17:18:58,773 INFO: Alllearn startup [in app.py:58]
2019-06-17 17:18:59,947 INFO: Alllearn startup [in D:\Projects\alllearn\serverCode\alllearnMain\app.py:58]
2019-06-17 17:18:59,955 INFO: Alllearn startup [in D:\Projects\alllearn\serverCode\alllearnMain\app.py:58]
2019-06-17 17:18:59,955 INFO: Alllearn startup [in D:\Projects\alllearn\serverCode\alllearnMain\app.py:58]
2019-06-17 17:25:15,616 INFO: Alllearn startup [in D:\Projects\alllearn\serverCode\alllearnMain\app.py:58]
2019-06-17 17:25:15,636 INFO: Alllearn startup [in app.py:58]
2019-06-17 17:25:15,636 INFO: Alllearn startup [in app.py:58]
2019-06-17 17:25:17,266 INFO: Alllearn startup [in D:\Projects\alllearn\serverCode\alllearnMain\app.py:58]
2019-06-17 17:25:17,274 INFO: Alllearn startup [in D:\Projects\alllearn\serverCode\alllearnMain\app.py:58]
2019-06-17 17:25:17,274 INFO: Alllearn startup [in D:\Projects\alllearn\serverCode\alllearnMain\app.py:58]
2019-06-17 17:25:43,776 INFO: Alllearn startup [in D:\Projects\alllearn\serverCode\alllearnMain\app.py:58]
2019-06-17 17:25:43,784 INFO: Alllearn startup [in D:\Projects\alllearn\serverCode\alllearnMain\app.py:58]
2019-06-17 17:25:43,784 INFO: Alllearn startup [in D:\Projects\alllearn\serverCode\alllearnMain\app.py:58]
2019-06-17 17:26:53,362 INFO: Alllearn startup [in D:\Projects\alllearn\serverCode\alllearnMain\app.py:58]
2019-06-17 17:26:53,371 INFO: Alllearn startup [in D:\Projects\alllearn\serverCode\alllearnMain\app.py:58]
2019-06-17 17:26:53,371 INFO: Alllearn startup [in D:\Projects\alllearn\serverCode\alllearnMain\app.py:58]
2019-06-17 17:27:23,417 INFO: Alllearn startup [in D:\Projects\alllearn\serverCode\alllearnMain\app.py:58]
2019-06-17 17:27:23,425 INFO: Alllearn startup [in app.py:58]
2019-06-17 17:27:23,425 INFO: Alllearn startup [in app.py:58]
2019-06-17 17:27:24,737 INFO: Alllearn startup [in D:\Projects\alllearn\serverCode\alllearnMain\app.py:58]
2019-06-17 17:27:24,744 INFO: Alllearn startup [in D:\Projects\alllearn\serverCode\alllearnMain\app.py:58]
2019-06-17 17:27:24,744 INFO: Alllearn startup [in D:\Projects\alllearn\serverCode\alllearnMain\app.py:58]
2019-06-17 17:28:40,401 INFO: Alllearn startup [in D:\Projects\alllearn\serverCode\alllearnMain\app.py:58]
2019-06-17 17:32:46,448 INFO: Alllearn startup [in D:\Projects\alllearn\serverCode\alllearnMain\app.py:58]
2019-06-17 17:43:56,784 INFO: Alllearn startup [in /Users/alllearn/Desktop/alllearn/code/alllearnMain/app.py:58]
2019-06-17 17:43:56,839 INFO: Alllearn startup [in app.py:58]
2019-06-17 17:43:56,839 INFO: Alllearn startup [in app.py:58]
2019-06-17 17:44:03,322 INFO: Alllearn startup [in /Users/alllearn/Desktop/alllearn/code/alllearnMain/app.py:58]
2019-06-17 17:44:03,370 INFO: Alllearn startup [in /Users/alllearn/Desktop/alllearn/code/alllearnMain/app.py:58]
2019-06-17 17:44:03,370 INFO: Alllearn startup [in /Users/alllearn/Desktop/alllearn/code/alllearnMain/app.py:58]
>>>>>>> master
